<?xml version="1.0" encoding="UTF-8"?>
<testsuite name="RestaurantTest" tests="8" skipped="0" failures="0" errors="0" timestamp="2016-05-04T17:23:55" hostname="epicodus-58.local" time="0.11">
  <properties/>
  <testcase name="equals_returnsTrueIfNamesAretheSame" classname="RestaurantTest" time="0.005"/>
  <testcase name="find_findRestaurantInDatabase_true" classname="RestaurantTest" time="0.029"/>
  <testcase name="getReviews_retrievesAllReviewsFromDatabase_reviewsList" classname="RestaurantTest" time="0.03"/>
  <testcase name="all_emptyAtFirst" classname="RestaurantTest" time="0.008"/>
  <testcase name="save_returnsTrueIfSaved_true" classname="RestaurantTest" time="0.016"/>
  <testcase name="getName_restaurantInstantiatesWithName_name" classname="RestaurantTest" time="0.004"/>
  <testcase name="save_assignsIdToObject" classname="RestaurantTest" time="0.012"/>
  <testcase name="Restaurant_instantiatesCorrectly_true" classname="RestaurantTest" time="0.005"/>
  <system-out><![CDATA[]]></system-out>
  <system-err><![CDATA[]]></system-err>
</testsuite>
