<?xml version="1.0" encoding="UTF-8"?>
<testsuite name="RestaurantTest" tests="3" skipped="0" failures="0" errors="0" timestamp="2016-05-04T16:07:02" hostname="epicodus-58.local" time="0.125">
  <properties/>
  <testcase name="all_emptyAtFirst" classname="RestaurantTest" time="0.115"/>
  <testcase name="getName_restaurantInstantiatesWithName_name" classname="RestaurantTest" time="0.005"/>
  <testcase name="Restaurant_instantiatesCorrectly_true" classname="RestaurantTest" time="0.005"/>
  <system-out><![CDATA[]]></system-out>
  <system-err><![CDATA[]]></system-err>
</testsuite>
